\BOOKMARK [1][-]{chapter*.1}{Abstract}{}% 1
\BOOKMARK [1][-]{chapter*.2}{Acknowledgements}{}% 2
\BOOKMARK [1][-]{chapter*.3}{Contribution to Original Knowledge}{}% 3
\BOOKMARK [0][-]{chapter.1}{Introduction}{}% 4
\BOOKMARK [0][-]{chapter.2}{Literature Review}{}% 5
\BOOKMARK [1][-]{section.2.1}{Electron Energy Loss Spectroscopy}{chapter.2}% 6
\BOOKMARK [2][-]{subsection.2.1.1}{Electron Microscopy}{section.2.1}% 7
\BOOKMARK [2][-]{subsection.2.1.2}{EELS in Experiment}{section.2.1}% 8
\BOOKMARK [2][-]{subsection.2.1.3}{Lithium in EELS}{section.2.1}% 9
\BOOKMARK [2][-]{subsection.2.1.4}{Preprocessing}{section.2.1}% 10
\BOOKMARK [2][-]{subsection.2.1.5}{Other Experimental Techniques}{section.2.1}% 11
\BOOKMARK [1][-]{section.2.2}{Density Functional Theory}{chapter.2}% 12
\BOOKMARK [2][-]{subsection.2.2.1}{Background}{section.2.2}% 13
\BOOKMARK [2][-]{subsection.2.2.2}{Formulation}{section.2.2}% 14
\BOOKMARK [2][-]{subsection.2.2.3}{WIEN2k}{section.2.2}% 15
\BOOKMARK [2][-]{subsection.2.2.4}{Quantum Theory of Atoms in Molecules}{section.2.2}% 16
\BOOKMARK [2][-]{subsection.2.2.5}{Lithium in DFT}{section.2.2}% 17
\BOOKMARK [1][-]{section.2.3}{EELS Calculations}{chapter.2}% 18
\BOOKMARK [2][-]{subsection.2.3.1}{Time Dependent Density Functional Theory -TDDFT}{section.2.3}% 19
\BOOKMARK [2][-]{subsection.2.3.2}{Cross Section Approach}{section.2.3}% 20
\BOOKMARK [2][-]{subsection.2.3.3}{Beth Salpeter Equations -BSE}{section.2.3}% 21
\BOOKMARK [2][-]{subsection.2.3.4}{Core Hole Approximation}{section.2.3}% 22
\BOOKMARK [0][-]{chapter.3}{Shielding Calculations}{}% 23
\BOOKMARK [1][-]{section.3.1}{Core Hole Shielding Calculations}{chapter.3}% 24
\BOOKMARK [1][-]{section.3.2}{Implementation}{chapter.3}% 25
\BOOKMARK [0][-]{chapter.4}{Results and Discussion}{}% 26
\BOOKMARK [1][-]{section.4.1}{Calculation and Experimental Details}{chapter.4}% 27
\BOOKMARK [1][-]{section.4.2}{Lithium Oxide}{chapter.4}% 28
\BOOKMARK [1][-]{section.4.3}{Lithium}{chapter.4}% 29
\BOOKMARK [1][-]{section.4.4}{LiF}{chapter.4}% 30
\BOOKMARK [1][-]{section.4.5}{Li-LiF Mixture}{chapter.4}% 31
\BOOKMARK [1][-]{section.4.6}{Discussion}{chapter.4}% 32
\BOOKMARK [0][-]{chapter.5}{Conclusion}{}% 33
\BOOKMARK [0][-]{chapter.6}{}{}% 34
